123123
6
Dong
Nan
Xi
Bei
Perfect

root
Liaoning
Liaoning
Shenyang
Shenyang
Hunnan
FINISH
FINISH
3
0
100
80
1
1
own0
12345678
Hunnan
No.195
0
4
-1
1
0 
1
1 
1
-1
90
2
1
own0
12347
Hunnan
No.196
-1
-1
-1
0

2
2 0 
2
-1
90
3
1
own2
1234546
Hunnan
No.77
-1
-1
-1
4
4 3 2 1 
0

2
Zhangsan
0
pass
12345
2
3 0 
2
2 1 
Lisi 
1
pass
12345
3
4 2 1 
1
0 
1
zjd
0
pass
12345678909
5
4 3 2 1 0 
3
2 1 0 
5
0
2024 5 1
0
0
0
0
1
2024 5 1
2
0
1
0
2
2024 5 2
2
0
1
2
3
2024 6 1
2
0
0
1
4
2024 3 1
2
0
1
1
3
0
2024 5 1 2024 6 1
1
0
1
1
2024 5 1 2024 6 1
0
0
0
2
2024 6 2 2024 6 15
1
0
0
